<?xml version="1.0" encoding="UTF-8"?>
<!-- Generated by org.testng.reporters.JUnitReportReporter -->
<testsuite skipped="0" hostname="BDC6-DX-6BDCNK2" name="page_object_model.main_wpc" tests="1" failures="0" timestamp="03 Jun 2019 07:08:32 GMT" time="11.718" errors="0">
  <testcase name="f" time="11.718" classname="page_object_model.main_wpc"/>
</testsuite> <!-- page_object_model.main_wpc -->
