<?xml version="1.0" encoding="UTF-8"?>
<!-- Generated by org.testng.reporters.JUnitReportReporter -->
<testsuite skipped="0" hostname="BDC6-DX-6BDCNK2" name="demo.out_xs" tests="1" failures="0" timestamp="29 May 2019 07:51:31 GMT" time="0.842" errors="0">
  <testcase name="output" time="0.842" classname="demo.out_xs"/>
</testsuite> <!-- demo.out_xs -->
