<?xml version="1.0" encoding="UTF-8"?>
<!-- Generated by org.testng.reporters.JUnitReportReporter -->
<testsuite skipped="0" hostname="BDC6-DX-6BDCNK2" name="demo.xs" tests="1" failures="0" timestamp="29 May 2019 07:43:51 GMT" time="0.608" errors="0">
  <testcase name="xls" time="0.608" classname="demo.xs"/>
</testsuite> <!-- demo.xs -->
